<?xml version="1.0" encoding="UTF-8"?>
<testsuite name="com.itau.escolaItauSpring.controller.AlunoControllerTest" tests="3" skipped="0" failures="0" errors="0" timestamp="2022-09-02T18:31:12" hostname="fedora-eric" time="0.269">
  <properties/>
  <testcase name="testAluno()" classname="com.itau.escolaItauSpring.controller.AlunoControllerTest" time="0.204"/>
  <testcase name="testBuscarAluno()" classname="com.itau.escolaItauSpring.controller.AlunoControllerTest" time="0.047"/>
  <testcase name="testCadastrar()" classname="com.itau.escolaItauSpring.controller.AlunoControllerTest" time="0.013"/>
  <system-out><![CDATA[15:31:09.614 [Test worker] DEBUG org.springframework.test.context.BootstrapUtils - Instantiating CacheAwareContextLoaderDelegate from class [org.springframework.test.context.cache.DefaultCacheAwareContextLoaderDelegate]
15:31:09.629 [Test worker] DEBUG org.springframework.test.context.BootstrapUtils - Instantiating BootstrapContext using constructor [public org.springframework.test.context.support.DefaultBootstrapContext(java.lang.Class,org.springframework.test.context.CacheAwareContextLoaderDelegate)]
15:31:09.671 [Test worker] DEBUG org.springframework.test.context.BootstrapUtils - Instantiating TestContextBootstrapper for test class [com.itau.escolaItauSpring.controller.AlunoControllerTest] from class [org.springframework.boot.test.autoconfigure.web.servlet.WebMvcTestContextBootstrapper]
15:31:09.683 [Test worker] INFO org.springframework.boot.test.autoconfigure.web.servlet.WebMvcTestContextBootstrapper - Neither @ContextConfiguration nor @ContextHierarchy found for test class [com.itau.escolaItauSpring.controller.AlunoControllerTest], using SpringBootContextLoader
15:31:09.689 [Test worker] DEBUG org.springframework.test.context.support.AbstractContextLoader - Did not detect default resource location for test class [com.itau.escolaItauSpring.controller.AlunoControllerTest]: class path resource [com/itau/escolaItauSpring/controller/AlunoControllerTest-context.xml] does not exist
15:31:09.691 [Test worker] DEBUG org.springframework.test.context.support.AbstractContextLoader - Did not detect default resource location for test class [com.itau.escolaItauSpring.controller.AlunoControllerTest]: class path resource [com/itau/escolaItauSpring/controller/AlunoControllerTestContext.groovy] does not exist
15:31:09.692 [Test worker] INFO org.springframework.test.context.support.AbstractContextLoader - Could not detect default resource locations for test class [com.itau.escolaItauSpring.controller.AlunoControllerTest]: no resource found for suffixes {-context.xml, Context.groovy}.
15:31:09.694 [Test worker] INFO org.springframework.test.context.support.AnnotationConfigContextLoaderUtils - Could not detect default configuration classes for test class [com.itau.escolaItauSpring.controller.AlunoControllerTest]: AlunoControllerTest does not declare any static, non-private, non-final, nested classes annotated with @Configuration.
15:31:09.780 [Test worker] DEBUG org.springframework.test.context.support.ActiveProfilesUtils - Could not find an 'annotation declaring class' for annotation type [org.springframework.test.context.ActiveProfiles] and class [com.itau.escolaItauSpring.controller.AlunoControllerTest]
15:31:09.862 [Test worker] DEBUG org.springframework.context.annotation.ClassPathScanningCandidateComponentProvider - Identified candidate component class: file [/home/eric/IdeaProjects/projetoHugo/springEscola/build/classes/java/main/com/itau/escolaItauSpring/EscolaItauSpringApplication.class]
15:31:09.864 [Test worker] INFO org.springframework.boot.test.context.SpringBootTestContextBootstrapper - Found @SpringBootConfiguration com.itau.escolaItauSpring.EscolaItauSpringApplication for test class com.itau.escolaItauSpring.controller.AlunoControllerTest
15:31:09.868 [Test worker] DEBUG org.springframework.boot.test.autoconfigure.web.servlet.WebMvcTestContextBootstrapper - @TestExecutionListeners is not present for class [com.itau.escolaItauSpring.controller.AlunoControllerTest]: using defaults.
15:31:09.868 [Test worker] INFO org.springframework.boot.test.autoconfigure.web.servlet.WebMvcTestContextBootstrapper - Loaded default TestExecutionListener class names from location [META-INF/spring.factories]: [org.springframework.boot.test.autoconfigure.restdocs.RestDocsTestExecutionListener, org.springframework.boot.test.autoconfigure.web.client.MockRestServiceServerResetTestExecutionListener, org.springframework.boot.test.autoconfigure.web.servlet.MockMvcPrintOnlyOnFailureTestExecutionListener, org.springframework.boot.test.autoconfigure.web.servlet.WebDriverTestExecutionListener, org.springframework.boot.test.autoconfigure.webservices.client.MockWebServiceServerTestExecutionListener, org.springframework.boot.test.mock.mockito.MockitoTestExecutionListener, org.springframework.boot.test.mock.mockito.ResetMocksTestExecutionListener, org.springframework.test.context.web.ServletTestExecutionListener, org.springframework.test.context.support.DirtiesContextBeforeModesTestExecutionListener, org.springframework.test.context.event.ApplicationEventsTestExecutionListener, org.springframework.test.context.support.DependencyInjectionTestExecutionListener, org.springframework.test.context.support.DirtiesContextTestExecutionListener, org.springframework.test.context.transaction.TransactionalTestExecutionListener, org.springframework.test.context.jdbc.SqlScriptsTestExecutionListener, org.springframework.test.context.event.EventPublishingTestExecutionListener]
15:31:09.886 [Test worker] INFO org.springframework.boot.test.autoconfigure.web.servlet.WebMvcTestContextBootstrapper - Using TestExecutionListeners: [org.springframework.test.context.web.ServletTestExecutionListener@1e53135d, org.springframework.test.context.support.DirtiesContextBeforeModesTestExecutionListener@7674a051, org.springframework.test.context.event.ApplicationEventsTestExecutionListener@3a7704c, org.springframework.boot.test.mock.mockito.MockitoTestExecutionListener@6754ef00, org.springframework.boot.test.autoconfigure.SpringBootDependencyInjectionTestExecutionListener@619bd14c, org.springframework.test.context.support.DirtiesContextTestExecutionListener@323e8306, org.springframework.test.context.transaction.TransactionalTestExecutionListener@a23a01d, org.springframework.test.context.jdbc.SqlScriptsTestExecutionListener@4acf72b6, org.springframework.test.context.event.EventPublishingTestExecutionListener@7561db12, org.springframework.boot.test.autoconfigure.restdocs.RestDocsTestExecutionListener@3301500b, org.springframework.boot.test.autoconfigure.web.client.MockRestServiceServerResetTestExecutionListener@24b52d3e, org.springframework.boot.test.autoconfigure.web.servlet.MockMvcPrintOnlyOnFailureTestExecutionListener@15deb1dc, org.springframework.boot.test.autoconfigure.web.servlet.WebDriverTestExecutionListener@6e9c413e, org.springframework.boot.test.autoconfigure.webservices.client.MockWebServiceServerTestExecutionListener@57a4d5ee, org.springframework.boot.test.mock.mockito.ResetMocksTestExecutionListener@5af5def9]
15:31:09.890 [Test worker] DEBUG org.springframework.test.context.support.AbstractDirtiesContextTestExecutionListener - Before test class: context [DefaultTestContext@19868320 testClass = AlunoControllerTest, testInstance = [null], testMethod = [null], testException = [null], mergedContextConfiguration = [WebMergedContextConfiguration@50b0bc4c testClass = AlunoControllerTest, locations = '{}', classes = '{class com.itau.escolaItauSpring.EscolaItauSpringApplication}', contextInitializerClasses = '[]', activeProfiles = '{}', propertySourceLocations = '{}', propertySourceProperties = '{org.springframework.boot.test.autoconfigure.web.servlet.WebMvcTestContextBootstrapper=true}', contextCustomizers = set[org.springframework.boot.test.autoconfigure.OverrideAutoConfigurationContextCustomizerFactory$DisableAutoConfigurationContextCustomizer@5e8f9e2d, org.springframework.boot.test.autoconfigure.actuate.metrics.MetricsExportContextCustomizerFactory$DisableMetricExportContextCustomizer@6a62689d, org.springframework.boot.test.autoconfigure.filter.TypeExcludeFiltersContextCustomizer@24561a20, org.springframework.boot.test.autoconfigure.properties.PropertyMappingContextCustomizer@e74b4be9, org.springframework.boot.test.autoconfigure.web.servlet.WebDriverContextCustomizerFactory$Customizer@290b1b2e, [ImportsContextCustomizer@c20be82 key = [org.springframework.boot.autoconfigure.cache.CacheAutoConfiguration, org.springframework.boot.autoconfigure.context.MessageSourceAutoConfiguration, org.springframework.boot.autoconfigure.data.web.SpringDataWebAutoConfiguration, org.springframework.boot.autoconfigure.freemarker.FreeMarkerAutoConfiguration, org.springframework.boot.autoconfigure.groovy.template.GroovyTemplateAutoConfiguration, org.springframework.boot.autoconfigure.gson.GsonAutoConfiguration, org.springframework.boot.autoconfigure.hateoas.HypermediaAutoConfiguration, org.springframework.boot.autoconfigure.http.HttpMessageConvertersAutoConfiguration, org.springframework.boot.autoconfigure.jackson.JacksonAutoConfiguration, org.springframework.boot.autoconfigure.jsonb.JsonbAutoConfiguration, org.springframework.boot.autoconfigure.mustache.MustacheAutoConfiguration, org.springframework.boot.autoconfigure.task.TaskExecutionAutoConfiguration, org.springframework.boot.autoconfigure.thymeleaf.ThymeleafAutoConfiguration, org.springframework.boot.autoconfigure.validation.ValidationAutoConfiguration, org.springframework.boot.autoconfigure.web.servlet.error.ErrorMvcAutoConfiguration, org.springframework.boot.autoconfigure.web.servlet.HttpEncodingAutoConfiguration, org.springframework.boot.autoconfigure.web.servlet.WebMvcAutoConfiguration, org.springframework.boot.test.autoconfigure.web.servlet.MockMvcAutoConfiguration, org.springframework.boot.test.autoconfigure.web.servlet.MockMvcWebClientAutoConfiguration, org.springframework.boot.test.autoconfigure.web.servlet.MockMvcWebDriverAutoConfiguration, org.springframework.boot.autoconfigure.security.oauth2.client.servlet.OAuth2ClientAutoConfiguration, org.springframework.boot.autoconfigure.security.oauth2.resource.servlet.OAuth2ResourceServerAutoConfiguration, org.springframework.boot.autoconfigure.security.servlet.SecurityAutoConfiguration, org.springframework.boot.autoconfigure.security.servlet.SecurityFilterAutoConfiguration, org.springframework.boot.autoconfigure.security.servlet.UserDetailsServiceAutoConfiguration, org.springframework.boot.test.autoconfigure.web.servlet.MockMvcSecurityConfiguration, org.springframework.boot.test.autoconfigure.web.reactive.WebTestClientAutoConfiguration]], org.springframework.boot.test.context.filter.ExcludeFilterContextCustomizer@64712be, org.springframework.boot.test.json.DuplicateJsonObjectContextCustomizerFactory$DuplicateJsonObjectContextCustomizer@782a4fff, org.springframework.boot.test.mock.mockito.MockitoContextCustomizer@e0c1d12c, org.springframework.boot.test.context.SpringBootTestArgs@1, org.springframework.boot.test.context.SpringBootTestWebEnvironment@0], resourceBasePath = 'src/main/webapp', contextLoader = 'org.springframework.boot.test.context.SpringBootContextLoader', parent = [null]], attributes = map[[empty]]], class annotated with @DirtiesContext [false] with mode [null].

  .   ____          _            __ _ _
 /\\ / ___'_ __ _ _(_)_ __  __ _ \ \ \ \
( ( )\___ | '_ | '_| | '_ \/ _` | \ \ \ \
 \\/  ___)| |_)| | | | | || (_| |  ) ) ) )
  '  |____| .__|_| |_|_| |_\__, | / / / /
 =========|_|==============|___/=/_/_/_/
 :: Spring Boot ::                (v2.7.3)

2022-09-02 15:31:10.434  INFO 22760 --- [    Test worker] c.i.e.controller.AlunoControllerTest     : Starting AlunoControllerTest using Java 11.0.16.1 on fedora-eric with PID 22760 (started by eric in /home/eric/IdeaProjects/projetoHugo/springEscola)
2022-09-02 15:31:10.437  INFO 22760 --- [    Test worker] c.i.e.controller.AlunoControllerTest     : No active profile set, falling back to 1 default profile: "default"
2022-09-02 15:31:12.725  INFO 22760 --- [    Test worker] o.s.b.t.m.w.SpringBootMockServletContext : Initializing Spring TestDispatcherServlet ''
2022-09-02 15:31:12.725  INFO 22760 --- [    Test worker] o.s.t.web.servlet.TestDispatcherServlet  : Initializing Servlet ''
2022-09-02 15:31:12.727  INFO 22760 --- [    Test worker] o.s.t.web.servlet.TestDispatcherServlet  : Completed initialization in 2 ms
2022-09-02 15:31:12.776  INFO 22760 --- [    Test worker] c.i.e.controller.AlunoControllerTest     : Started AlunoControllerTest in 2.807 seconds (JVM running for 4.26)

MockHttpServletRequest:
      HTTP Method = GET
      Request URI = /aluno/id/b05be63e-042b-4cf9-913f-339a2a2d497e
       Parameters = {}
          Headers = [Accept:"application/json"]
             Body = null
    Session Attrs = {}

Handler:
             Type = com.itau.escolaItauSpring.controller.AlunoController
           Method = com.itau.escolaItauSpring.controller.AlunoController#buscarAluno(UUID)

Async:
    Async started = false
     Async result = null

Resolved Exception:
             Type = null

ModelAndView:
        View name = null
             View = null
            Model = null

FlashMap:
       Attributes = null

MockHttpServletResponse:
           Status = 200
    Error message = null
          Headers = []
     Content type = null
             Body = 
    Forwarded URL = null
   Redirected URL = null
          Cookies = []
2022-09-02 15:31:13.066  WARN 22760 --- [    Test worker] .w.s.m.s.DefaultHandlerExceptionResolver : Resolved [org.springframework.http.converter.HttpMessageNotReadableException: Required request body is missing: public org.springframework.http.ResponseEntity<com.itau.escolaItauSpring.dto.response.AlunoResponse> com.itau.escolaItauSpring.controller.AlunoController.cadastrar(com.itau.escolaItauSpring.dto.request.AlunoRequest,org.springframework.web.util.UriComponentsBuilder)]
]]></system-out>
  <system-err><![CDATA[]]></system-err>
</testsuite>
