<?xml version="1.0" encoding="UTF-8"?>
<testsuite name="com.itau.escolaItauSpring.service.AlunoServiceIntegrationTest" tests="8" skipped="0" failures="0" errors="0" timestamp="2022-09-02T17:45:22" hostname="fedora-eric" time="0.332">
  <properties/>
  <testcase name="testQuantidadeAlunosAtivo()" classname="com.itau.escolaItauSpring.service.AlunoServiceIntegrationTest" time="0.164"/>
  <testcase name="testeLocalizar()" classname="com.itau.escolaItauSpring.service.AlunoServiceIntegrationTest" time="0.029"/>
  <testcase name="testAtivar()" classname="com.itau.escolaItauSpring.service.AlunoServiceIntegrationTest" time="0.038"/>
  <testcase name="testAdicionar()" classname="com.itau.escolaItauSpring.service.AlunoServiceIntegrationTest" time="0.015"/>
  <testcase name="testListar()" classname="com.itau.escolaItauSpring.service.AlunoServiceIntegrationTest" time="0.017"/>
  <testcase name="testBuscarPorNome()" classname="com.itau.escolaItauSpring.service.AlunoServiceIntegrationTest" time="0.022"/>
  <testcase name="testRemoverPorCpf()" classname="com.itau.escolaItauSpring.service.AlunoServiceIntegrationTest" time="0.013"/>
  <testcase name="testDesativar()" classname="com.itau.escolaItauSpring.service.AlunoServiceIntegrationTest" time="0.021"/>
  <system-out><![CDATA[2022-09-02 14:45:19.451  INFO 19264 --- [    Test worker] .b.t.c.SpringBootTestContextBootstrapper : Neither @ContextConfiguration nor @ContextHierarchy found for test class [com.itau.escolaItauSpring.service.AlunoServiceIntegrationTest], using SpringBootContextLoader
2022-09-02 14:45:19.454  INFO 19264 --- [    Test worker] o.s.t.c.support.AbstractContextLoader    : Could not detect default resource locations for test class [com.itau.escolaItauSpring.service.AlunoServiceIntegrationTest]: no resource found for suffixes {-context.xml, Context.groovy}.
2022-09-02 14:45:19.454  INFO 19264 --- [    Test worker] t.c.s.AnnotationConfigContextLoaderUtils : Could not detect default configuration classes for test class [com.itau.escolaItauSpring.service.AlunoServiceIntegrationTest]: AlunoServiceIntegrationTest does not declare any static, non-private, non-final, nested classes annotated with @Configuration.
2022-09-02 14:45:19.461  INFO 19264 --- [    Test worker] .b.t.c.SpringBootTestContextBootstrapper : Found @SpringBootConfiguration com.itau.escolaItauSpring.EscolaItauSpringApplication for test class com.itau.escolaItauSpring.service.AlunoServiceIntegrationTest
2022-09-02 14:45:19.465  INFO 19264 --- [    Test worker] .b.t.c.SpringBootTestContextBootstrapper : Loaded default TestExecutionListener class names from location [META-INF/spring.factories]: [org.springframework.boot.test.autoconfigure.restdocs.RestDocsTestExecutionListener, org.springframework.boot.test.autoconfigure.web.client.MockRestServiceServerResetTestExecutionListener, org.springframework.boot.test.autoconfigure.web.servlet.MockMvcPrintOnlyOnFailureTestExecutionListener, org.springframework.boot.test.autoconfigure.web.servlet.WebDriverTestExecutionListener, org.springframework.boot.test.autoconfigure.webservices.client.MockWebServiceServerTestExecutionListener, org.springframework.boot.test.mock.mockito.MockitoTestExecutionListener, org.springframework.boot.test.mock.mockito.ResetMocksTestExecutionListener, org.springframework.test.context.web.ServletTestExecutionListener, org.springframework.test.context.support.DirtiesContextBeforeModesTestExecutionListener, org.springframework.test.context.event.ApplicationEventsTestExecutionListener, org.springframework.test.context.support.DependencyInjectionTestExecutionListener, org.springframework.test.context.support.DirtiesContextTestExecutionListener, org.springframework.test.context.transaction.TransactionalTestExecutionListener, org.springframework.test.context.jdbc.SqlScriptsTestExecutionListener, org.springframework.test.context.event.EventPublishingTestExecutionListener]
2022-09-02 14:45:19.466  INFO 19264 --- [    Test worker] .b.t.c.SpringBootTestContextBootstrapper : Using TestExecutionListeners: [org.springframework.test.context.web.ServletTestExecutionListener@2d73e8c4, org.springframework.test.context.support.DirtiesContextBeforeModesTestExecutionListener@6ce2e079, org.springframework.test.context.event.ApplicationEventsTestExecutionListener@3e39e0fb, org.springframework.boot.test.mock.mockito.MockitoTestExecutionListener@260d48f5, org.springframework.boot.test.autoconfigure.SpringBootDependencyInjectionTestExecutionListener@148ab138, org.springframework.test.context.support.DirtiesContextTestExecutionListener@6f106af8, org.springframework.test.context.transaction.TransactionalTestExecutionListener@1edf71d9, org.springframework.test.context.jdbc.SqlScriptsTestExecutionListener@52d9d817, org.springframework.test.context.event.EventPublishingTestExecutionListener@131ba005, org.springframework.boot.test.autoconfigure.restdocs.RestDocsTestExecutionListener@7f305f34, org.springframework.boot.test.autoconfigure.web.client.MockRestServiceServerResetTestExecutionListener@1a84a8b2, org.springframework.boot.test.autoconfigure.web.servlet.MockMvcPrintOnlyOnFailureTestExecutionListener@601d295, org.springframework.boot.test.autoconfigure.web.servlet.WebDriverTestExecutionListener@485451d8, org.springframework.boot.test.autoconfigure.webservices.client.MockWebServiceServerTestExecutionListener@35e07e19, org.springframework.boot.test.mock.mockito.ResetMocksTestExecutionListener@a1e912f]

  .   ____          _            __ _ _
 /\\ / ___'_ __ _ _(_)_ __  __ _ \ \ \ \
( ( )\___ | '_ | '_| | '_ \/ _` | \ \ \ \
 \\/  ___)| |_)| | | | | || (_| |  ) ) ) )
  '  |____| .__|_| |_|_| |_\__, | / / / /
 =========|_|==============|___/=/_/_/_/
 :: Spring Boot ::                (v2.7.3)

2022-09-02 14:45:19.507  INFO 19264 --- [    Test worker] c.i.e.s.AlunoServiceIntegrationTest      : Starting AlunoServiceIntegrationTest using Java 11.0.16.1 on fedora-eric with PID 19264 (started by eric in /home/eric/IdeaProjects/projetoHugo/springEscola)
2022-09-02 14:45:19.507  INFO 19264 --- [    Test worker] c.i.e.s.AlunoServiceIntegrationTest      : No active profile set, falling back to 1 default profile: "default"
2022-09-02 14:45:19.821  INFO 19264 --- [    Test worker] .s.d.r.c.RepositoryConfigurationDelegate : Bootstrapping Spring Data JPA repositories in DEFAULT mode.
2022-09-02 14:45:19.872  INFO 19264 --- [    Test worker] .s.d.r.c.RepositoryConfigurationDelegate : Finished Spring Data repository scanning in 42 ms. Found 1 JPA repository interfaces.
2022-09-02 14:45:20.206  INFO 19264 --- [    Test worker] o.hibernate.jpa.internal.util.LogHelper  : HHH000204: Processing PersistenceUnitInfo [name: default]
2022-09-02 14:45:20.251  INFO 19264 --- [    Test worker] org.hibernate.Version                    : HHH000412: Hibernate ORM core version 5.6.10.Final
2022-09-02 14:45:20.293  INFO 19264 --- [    Test worker] o.hibernate.annotations.common.Version   : HCANN000001: Hibernate Commons Annotations {5.1.2.Final}
2022-09-02 14:45:20.387  INFO 19264 --- [    Test worker] com.zaxxer.hikari.HikariDataSource       : HikariPool-1 - Starting...
2022-09-02 14:45:20.579  INFO 19264 --- [    Test worker] com.zaxxer.hikari.HikariDataSource       : HikariPool-1 - Start completed.
2022-09-02 14:45:20.627  INFO 19264 --- [    Test worker] org.hibernate.dialect.Dialect            : HHH000400: Using dialect: org.hibernate.dialect.H2Dialect
2022-09-02 14:45:21.217  INFO 19264 --- [    Test worker] o.h.e.t.j.p.i.JtaPlatformInitiator       : HHH000490: Using JtaPlatform implementation: [org.hibernate.engine.transaction.jta.platform.internal.NoJtaPlatform]
2022-09-02 14:45:21.224  INFO 19264 --- [    Test worker] j.LocalContainerEntityManagerFactoryBean : Initialized JPA EntityManagerFactory for persistence unit 'default'
2022-09-02 14:45:21.859  WARN 19264 --- [    Test worker] JpaBaseConfiguration$JpaWebConfiguration : spring.jpa.open-in-view is enabled by default. Therefore, database queries may be performed during view rendering. Explicitly configure spring.jpa.open-in-view to disable this warning
2022-09-02 14:45:21.971  INFO 19264 --- [    Test worker] o.s.b.a.h2.H2ConsoleAutoConfiguration    : H2 console available at '/h2'. Database available at 'jdbc:h2:mem:test'
2022-09-02 14:45:22.177  INFO 19264 --- [    Test worker] c.i.e.s.AlunoServiceIntegrationTest      : Started AlunoServiceIntegrationTest in 2.707 seconds (JVM running for 6.997)
]]></system-out>
  <system-err><![CDATA[]]></system-err>
</testsuite>
