<?xml version="1.0" encoding="UTF-8"?>
<testsuite name="com.itau.escolaItauSpring.service.AlunoServiceUnitTest" tests="8" skipped="0" failures="0" errors="0" timestamp="2022-09-02T17:45:22" hostname="fedora-eric" time="0.169">
  <properties/>
  <testcase name="testQuantidadeAlunosAtivo()" classname="com.itau.escolaItauSpring.service.AlunoServiceUnitTest" time="0.136"/>
  <testcase name="testeListar()" classname="com.itau.escolaItauSpring.service.AlunoServiceUnitTest" time="0.002"/>
  <testcase name="testeLocalizar()" classname="com.itau.escolaItauSpring.service.AlunoServiceUnitTest" time="0.002"/>
  <testcase name="testAtivar()" classname="com.itau.escolaItauSpring.service.AlunoServiceUnitTest" time="0.002"/>
  <testcase name="testAdicionar()" classname="com.itau.escolaItauSpring.service.AlunoServiceUnitTest" time="0.006"/>
  <testcase name="testBuscarPorNome()" classname="com.itau.escolaItauSpring.service.AlunoServiceUnitTest" time="0.003"/>
  <testcase name="testRemoverPorCpf()" classname="com.itau.escolaItauSpring.service.AlunoServiceUnitTest" time="0.008"/>
  <testcase name="testDesativar()" classname="com.itau.escolaItauSpring.service.AlunoServiceUnitTest" time="0.001"/>
  <system-out><![CDATA[]]></system-out>
  <system-err><![CDATA[]]></system-err>
</testsuite>
