<?xml version="1.0" encoding="UTF-8"?>
<testsuite name="com.itau.escolaItauSpring.service.AlunoServiceUnitTest" tests="8" skipped="0" failures="0" errors="0" timestamp="2022-09-02T18:31:17" hostname="fedora-eric" time="0.233">
  <properties/>
  <testcase name="testQuantidadeAlunosAtivo()" classname="com.itau.escolaItauSpring.service.AlunoServiceUnitTest" time="0.2"/>
  <testcase name="testeListar()" classname="com.itau.escolaItauSpring.service.AlunoServiceUnitTest" time="0.003"/>
  <testcase name="testeLocalizar()" classname="com.itau.escolaItauSpring.service.AlunoServiceUnitTest" time="0.003"/>
  <testcase name="testAtivar()" classname="com.itau.escolaItauSpring.service.AlunoServiceUnitTest" time="0.002"/>
  <testcase name="testAdicionar()" classname="com.itau.escolaItauSpring.service.AlunoServiceUnitTest" time="0.005"/>
  <testcase name="testBuscarPorNome()" classname="com.itau.escolaItauSpring.service.AlunoServiceUnitTest" time="0.002"/>
  <testcase name="testRemoverPorCpf()" classname="com.itau.escolaItauSpring.service.AlunoServiceUnitTest" time="0.007"/>
  <testcase name="testDesativar()" classname="com.itau.escolaItauSpring.service.AlunoServiceUnitTest" time="0.002"/>
  <system-out><![CDATA[]]></system-out>
  <system-err><![CDATA[]]></system-err>
</testsuite>
